<?xml version="1.0" encoding="UTF-8"?>
<!-- Generated by org.testng.reporters.JUnitReportReporter -->
<testsuite hostname="DESKTOP-1QASA0A" failures="0" tests="1" name="com.RDK.qa.testcases.RegistrationPageRDKTest" time="44.297" errors="0" timestamp="2020-05-20T19:20:55 IST" skipped="0">
  <testcase classname="com.RDK.qa.testcases.RegistrationPageRDKTest" name="validateRegistrationUser" time="44.297"/>
  <system-out/>
</testsuite> <!-- com.RDK.qa.testcases.RegistrationPageRDKTest -->
