<?xml version="1.0" encoding="UTF-8"?>
<!-- Generated by org.testng.reporters.JUnitReportReporter -->
<testsuite hostname="DESKTOP-1QASA0A" failures="0" tests="6" name="com.RDK.qa.testcases.HomePageRDKTest" time="1.158" errors="0" timestamp="2020-05-16T15:49:36 IST" skipped="0">
  <testcase classname="com.RDK.qa.testcases.HomePageRDKTest" name="validateLogoTest" time="0.457"/>
  <system-out/>
  <testcase classname="com.RDK.qa.testcases.HomePageRDKTest" name="validateMailLinkTest" time="0.171"/>
  <system-out/>
  <testcase classname="com.RDK.qa.testcases.HomePageRDKTest" name="validateFbLinkTest" time="0.161"/>
  <system-out/>
  <testcase classname="com.RDK.qa.testcases.HomePageRDKTest" name="validateTwitterLinkTest" time="0.128"/>
  <system-out/>
  <testcase classname="com.RDK.qa.testcases.HomePageRDKTest" name="validateGoogleLinkTest" time="0.125"/>
  <system-out/>
  <testcase classname="com.RDK.qa.testcases.HomePageRDKTest" name="validateLinkedInLinkTest" time="0.116"/>
  <system-out/>
</testsuite> <!-- com.RDK.qa.testcases.HomePageRDKTest -->
